<?xml version="1.0" encoding="UTF-8" ?>
<testsuite failures="0" time="4.387" errors="0" skipped="0" tests="50" name="org.andromda.cartridges.java.AllTests">
  <properties>
[...]
</properties>
  <testcase time="3.439" classname="org.andromda.cartridges.java.SimpleJavaModuleTest" name="testConfigure"/>
  <testcase time="0.389" classname="org.andromda.cartridges.java.InterfaceGeneratorTest" name="testGenerateMethods"/>
  <testcase time="0.018" classname="org.andromda.cartridges.java.InterfaceGeneratorTest" name="testGenerateMethodJavadoc"/>
  <testcase time="0.006" classname="org.andromda.cartridges.java.InterfaceGeneratorTest" name="testGenerateClassJavadoc"/>
  <testcase time="0.046" classname="org.andromda.cartridges.java.InterfaceGeneratorTest" name="testGenerateGetterSetterJavadoc"/>
  <testcase time="0.101" classname="org.andromda.cartridges.java.InterfaceGeneratorTest" name="testGenerateMethodTemplateParams"/>
  <testcase time="0.004" classname="org.andromda.cartridges.java.InterfaceGeneratorTest" name="testGenerateAssociationEndUpperCardinalityMultiplesIsOrdered"/>
  <testcase time="0.004" classname="org.andromda.cartridges.java.InterfaceGeneratorTest" name="testGenerateAssociationEndUpperCardinalityMultiplesIsUnique"/>
  <testcase time="0.004" classname="org.andromda.cartridges.java.InterfaceGeneratorTest" name="testGenerateAssociationEndUpperCardinalityMultiplesDefault"/>
  <testcase time="0.005" classname="org.andromda.cartridges.java.InterfaceGeneratorTest" name="testGenerateAssociationEndUpperCardinalityMultiplesIsUniqueAndIsOrdered"/>
  <testcase time="0.005" classname="org.andromda.cartridges.java.InterfaceGeneratorTest" name="testGenerateGetterMethodUpperZero"/>
  <testcase time="0.004" classname="org.andromda.cartridges.java.InterfaceGeneratorTest" name="testGeneratePackage"/>
  <testcase time="0.004" classname="org.andromda.cartridges.java.InterfaceGeneratorTest" name="testGenerateClass"/>
  <testcase time="0.021" classname="org.andromda.cartridges.java.InterfaceGeneratorTest" name="testGenerateClassWithInheritance"/>
  <testcase time="0.004" classname="org.andromda.cartridges.java.InterfaceGeneratorTest" name="testGenerateClassWithTemplate"/>
  <testcase time="0.004" classname="org.andromda.cartridges.java.InterfaceGeneratorTest" name="testGenerateGetterMethodUpperAsterisk"/>
  <testcase time="0.004" classname="org.andromda.cartridges.java.InterfaceGeneratorTest" name="testGenerateGetterMethodTypeBoolean"/>
  <testcase time="0.003" classname="org.andromda.cartridges.java.InterfaceGeneratorTest" name="testGenerateGetterMethodTypeLowerCaseBoolean"/>
  <testcase time="0.003" classname="org.andromda.cartridges.java.InterfaceGeneratorTest" name="testGenerateMethodParams"/>
  <testcase time="0.038" classname="org.andromda.cartridges.java.InterfaceGeneratorTest" name="testGenerateMethodParamsWithOneParameter"/>
  <testcase time="0.008" classname="org.andromda.cartridges.java.InterfaceGeneratorTest" name="testGenerateMethodParamsWithOneParameterWithGenerics"/>
  <testcase time="0.035" classname="org.andromda.cartridges.java.InterfaceGeneratorMethodParamsTest" name="testGenerateMethodParamsWithParameter"/>
  <testcase time="0.002" classname="org.andromda.cartridges.java.EnumGeneratorTest" name="testGeneratePackage"/>
  <testcase time="0.001" classname="org.andromda.cartridges.java.EnumGeneratorTest" name="testGenerateEnum"/>
  <testcase time="0.101" classname="org.andromda.cartridges.java.EnumGeneratorTest" name="testGenerateConstantsIntegerWithNoParamNames"/>
  <testcase time="0.008" classname="org.andromda.cartridges.java.EnumGeneratorTest" name="testGenerateConstantsStringWithNoParamNames"/>
  <testcase time="0.008" classname="org.andromda.cartridges.java.EnumGeneratorTest" name="testGenerateConstantsLongWithNoParamNames"/>
  <testcase time="0.009" classname="org.andromda.cartridges.java.EnumGeneratorTest" name="testGenerateConstantsBooleanWithNoParamNames"/>
  <testcase time="0.006" classname="org.andromda.cartridges.java.EnumGeneratorTest" name="testGenerateGetterMethod"/>
  <testcase time="0.005" classname="org.andromda.cartridges.java.EnumGeneratorTest" name="testGenerateGetterMethodWithSourceDirectoryPackageNameWrong"/>
  <testcase time="0.006" classname="org.andromda.cartridges.java.EnumGeneratorTest" name="testGenerateGetterMethodWithSourceDirectoryPackageNameCorrect"/>
  <testcase time="0.005" classname="org.andromda.cartridges.java.EnumGeneratorTest" name="testGenerateAttribute"/>
  <testcase time="0.007" classname="org.andromda.cartridges.java.EnumGeneratorTest" name="testGenerateConstructorWithOneParameter"/>
  <testcase time="0.01" classname="org.andromda.cartridges.java.EnumGeneratorTest" name="testGenerateConstructorWithTwoParameters"/>
  <testcase time="0.008" classname="org.andromda.cartridges.java.EnumGeneratorTest" name="testGenerateContructorParameters"/>
  <testcase time="0.004" classname="org.andromda.cartridges.java.EnumGeneratorTest" name="testFindSlotByNameFoundIt"/>
  <testcase time="0.004" classname="org.andromda.cartridges.java.EnumGeneratorTest" name="testFindSlotByNameNotFound"/>
  <testcase time="0.012" classname="org.andromda.cartridges.java.EnumGeneratorTest" name="testGenerateConstantsWithConstructorParameterNamesAndWithFoundSlot"/>
  <testcase time="0.015" classname="org.andromda.cartridges.java.EnumGeneratorTest" name="testGenerateConstantsWithConstructorParameterNamesAndWithSlotNotFound"/>
  <testcase time="0" classname="org.andromda.cartridges.java.ExceptionGeneratorTest" name="testGenerateClassCheckedExceptionWithNoInheritance"/>
  <testcase time="0.004" classname="org.andromda.cartridges.java.ExceptionGeneratorTest" name="testGenerateClassCheckedExceptionWithInheritance"/>
  <testcase time="0.003" classname="org.andromda.cartridges.java.ExceptionGeneratorTest" name="testGenerateClassCheckedExceptionWithTemplate"/>
  <testcase time="0.002" classname="org.andromda.cartridges.java.ExceptionGeneratorTest" name="testGenerateClassUncheckedExceptionWithNoInheritance"/>
  <testcase time="0.004" classname="org.andromda.cartridges.java.ExceptionGeneratorTest" name="testGenerateClassUncheckedExceptionWithMultipleInheritance"/>
  <testcase time="0.002" classname="org.andromda.cartridges.java.ExceptionGeneratorTest" name="testGenerateConstructorWithParams"/>
  <testcase time="0.003" classname="org.andromda.cartridges.java.ExceptionGeneratorTest" name="testGenerateClassUncheckedExceptionWithInheritance"/>
  <testcase time="0.003" classname="org.andromda.cartridges.java.ExceptionGeneratorTest" name="testGenerateClassUncheckedExceptionWithTemplate"/>
  <testcase time="0.002" classname="org.andromda.cartridges.java.ExceptionGeneratorTest" name="testGenerateSerialVersionUID"/>
  <testcase time="0.003" classname="org.andromda.cartridges.java.ExceptionGeneratorTest" name="testGenerateConstructors"/>
  <testcase time="0.001" classname="org.andromda.cartridges.java.JavaCodeFormatterTest" name="testFormat"/>
</testsuite>